This file contains any messages produced by compilers while
running configure, to aid debugging if configure makes a mistake.

It was created by fty-srr configure 1.0.0, which was
generated by GNU Autoconf 2.69.  Invocation command line was

  $ ./configure CC=/usr/bin/gcc CXX=/usr/bin/g++ CFLAGS=-g3 -gdwarf-2 CXXFLAGS=-g3 -gdwarf-2

## --------- ##
## Platform. ##
## --------- ##

hostname = xav-mint-VirtualBox
uname -m = x86_64
uname -r = 4.15.0-64-generic
uname -s = Linux
uname -v = #73-Ubuntu SMP Thu Sep 12 13:16:13 UTC 2019

/usr/bin/uname -p = unknown
/bin/uname -X     = unknown

/bin/arch              = unknown
/usr/bin/arch -k       = unknown
/usr/convex/getsysinfo = unknown
/usr/bin/hostinfo      = unknown
/bin/machine           = unknown
/usr/bin/oslevel       = unknown
/bin/universe          = unknown

PATH: /usr/bin
PATH: /usr/local/sbin
PATH: /usr/local/bin
PATH: /usr/sbin
PATH: /usr/bin
PATH: /sbin
PATH: /bin
PATH: /usr/games
PATH: /usr/local/games


## ----------- ##
## Core tests. ##
## ----------- ##

configure:2749: checking for a BSD-compatible install
configure:2817: result: /usr/bin/install -c
configure:2828: checking whether build environment is sane
configure:2883: result: yes
configure:3034: checking for a thread-safe mkdir -p
configure:3073: result: /bin/mkdir -p
configure:3080: checking for gawk
configure:3096: found /usr/bin/gawk
configure:3107: result: gawk
configure:3118: checking whether make sets $(MAKE)
configure:3140: result: yes
configure:3169: checking whether make supports nested variables
configure:3186: result: yes
configure:3275: checking whether UID '1000' is supported by ustar format
configure:3278: result: yes
configure:3285: checking whether GID '1000' is supported by ustar format
configure:3288: result: yes
configure:3296: checking how to create a ustar tar archive
configure:3307: tar --version
tar (GNU tar) 1.29
Copyright (C) 2015 Free Software Foundation, Inc.
License GPLv3+: GNU GPL version 3 or later <http://gnu.org/licenses/gpl.html>.
This is free software: you are free to change and redistribute it.
There is NO WARRANTY, to the extent permitted by law.

Written by John Gilmore and Jay Fenlason.
configure:3310: $? = 0
configure:3350: tardir=conftest.dir && eval tar --format=ustar -chf - "$tardir" >conftest.tar
configure:3353: $? = 0
configure:3357: tar -xf - <conftest.tar
configure:3360: $? = 0
configure:3362: cat conftest.dir/file
GrepMe
configure:3365: $? = 0
configure:3378: result: gnutar
configure:3439: checking whether make supports nested variables
configure:3456: result: yes
configure:3563: checking for gcc
configure:3590: result: /usr/bin/gcc
configure:3819: checking for C compiler version
configure:3828: /usr/bin/gcc --version >&5
gcc (Ubuntu 7.4.0-1ubuntu1~18.04.1) 7.4.0
Copyright (C) 2017 Free Software Foundation, Inc.
This is free software; see the source for copying conditions.  There is NO
warranty; not even for MERCHANTABILITY or FITNESS FOR A PARTICULAR PURPOSE.

configure:3839: $? = 0
configure:3828: /usr/bin/gcc -v >&5
Using built-in specs.
COLLECT_GCC=/usr/bin/gcc
COLLECT_LTO_WRAPPER=/usr/lib/gcc/x86_64-linux-gnu/7/lto-wrapper
OFFLOAD_TARGET_NAMES=nvptx-none
OFFLOAD_TARGET_DEFAULT=1
Target: x86_64-linux-gnu
Configured with: ../src/configure -v --with-pkgversion='Ubuntu 7.4.0-1ubuntu1~18.04.1' --with-bugurl=file:///usr/share/doc/gcc-7/README.Bugs --enable-languages=c,ada,c++,go,brig,d,fortran,objc,obj-c++ --prefix=/usr --with-gcc-major-version-only --program-suffix=-7 --program-prefix=x86_64-linux-gnu- --enable-shared --enable-linker-build-id --libexecdir=/usr/lib --without-included-gettext --enable-threads=posix --libdir=/usr/lib --enable-nls --with-sysroot=/ --enable-clocale=gnu --enable-libstdcxx-debug --enable-libstdcxx-time=yes --with-default-libstdcxx-abi=new --enable-gnu-unique-object --disable-vtable-verify --enable-libmpx --enable-plugin --enable-default-pie --with-system-zlib --with-target-system-zlib --enable-objc-gc=auto --enable-multiarch --disable-werror --with-arch-32=i686 --with-abi=m64 --with-multilib-list=m32,m64,mx32 --enable-multilib --with-tune=generic --enable-offload-targets=nvptx-none --without-cuda-driver --enable-checking=release --build=x86_64-linux-gnu --host=x86_64-linux-gnu --target=x86_64-linux-gnu
Thread model: posix
gcc version 7.4.0 (Ubuntu 7.4.0-1ubuntu1~18.04.1) 
configure:3839: $? = 0
configure:3828: /usr/bin/gcc -V >&5
gcc: error: unrecognized command line option '-V'
gcc: fatal error: no input files
compilation terminated.
configure:3839: $? = 1
configure:3828: /usr/bin/gcc -qversion >&5
gcc: error: unrecognized command line option '-qversion'; did you mean '--version'?
gcc: fatal error: no input files
compilation terminated.
configure:3839: $? = 1
configure:3859: checking whether the C compiler works
configure:3881: /usr/bin/gcc -g3 -gdwarf-2   conftest.c  >&5
configure:3885: $? = 0
configure:3933: result: yes
configure:3936: checking for C compiler default output file name
configure:3938: result: a.out
configure:3944: checking for suffix of executables
configure:3951: /usr/bin/gcc -o conftest -g3 -gdwarf-2   conftest.c  >&5
configure:3955: $? = 0
configure:3977: result: 
configure:3999: checking whether we are cross compiling
configure:4007: /usr/bin/gcc -o conftest -g3 -gdwarf-2   conftest.c  >&5
configure:4011: $? = 0
configure:4018: ./conftest
configure:4022: $? = 0
configure:4037: result: no
configure:4042: checking for suffix of object files
configure:4064: /usr/bin/gcc -c -g3 -gdwarf-2  conftest.c >&5
configure:4068: $? = 0
configure:4089: result: o
configure:4093: checking whether we are using the GNU C compiler
configure:4112: /usr/bin/gcc -c -g3 -gdwarf-2  conftest.c >&5
configure:4112: $? = 0
configure:4121: result: yes
configure:4130: checking whether /usr/bin/gcc accepts -g
configure:4150: /usr/bin/gcc -c -g  conftest.c >&5
configure:4150: $? = 0
configure:4191: result: yes
configure:4208: checking for /usr/bin/gcc option to accept ISO C89
configure:4271: /usr/bin/gcc  -c -g3 -gdwarf-2  conftest.c >&5
configure:4271: $? = 0
configure:4284: result: none needed
configure:4309: checking whether /usr/bin/gcc understands -c and -o together
configure:4331: /usr/bin/gcc -c conftest.c -o conftest2.o
configure:4334: $? = 0
configure:4331: /usr/bin/gcc -c conftest.c -o conftest2.o
configure:4334: $? = 0
configure:4346: result: yes
configure:4374: checking for style of include used by make
configure:4402: result: GNU
configure:4428: checking dependency style of /usr/bin/gcc
configure:4539: result: gcc3
configure:4554: checking for /usr/bin/gcc option to accept ISO C99
configure:4703: /usr/bin/gcc  -c -g3 -gdwarf-2  conftest.c >&5
configure:4703: $? = 0
configure:4716: result: none needed
configure:4844: checking for C++ compiler version
configure:4853: /usr/bin/g++ --version >&5
g++ (Ubuntu 7.4.0-1ubuntu1~18.04.1) 7.4.0
Copyright (C) 2017 Free Software Foundation, Inc.
This is free software; see the source for copying conditions.  There is NO
warranty; not even for MERCHANTABILITY or FITNESS FOR A PARTICULAR PURPOSE.

configure:4864: $? = 0
configure:4853: /usr/bin/g++ -v >&5
Using built-in specs.
COLLECT_GCC=/usr/bin/g++
COLLECT_LTO_WRAPPER=/usr/lib/gcc/x86_64-linux-gnu/7/lto-wrapper
OFFLOAD_TARGET_NAMES=nvptx-none
OFFLOAD_TARGET_DEFAULT=1
Target: x86_64-linux-gnu
Configured with: ../src/configure -v --with-pkgversion='Ubuntu 7.4.0-1ubuntu1~18.04.1' --with-bugurl=file:///usr/share/doc/gcc-7/README.Bugs --enable-languages=c,ada,c++,go,brig,d,fortran,objc,obj-c++ --prefix=/usr --with-gcc-major-version-only --program-suffix=-7 --program-prefix=x86_64-linux-gnu- --enable-shared --enable-linker-build-id --libexecdir=/usr/lib --without-included-gettext --enable-threads=posix --libdir=/usr/lib --enable-nls --with-sysroot=/ --enable-clocale=gnu --enable-libstdcxx-debug --enable-libstdcxx-time=yes --with-default-libstdcxx-abi=new --enable-gnu-unique-object --disable-vtable-verify --enable-libmpx --enable-plugin --enable-default-pie --with-system-zlib --with-target-system-zlib --enable-objc-gc=auto --enable-multiarch --disable-werror --with-arch-32=i686 --with-abi=m64 --with-multilib-list=m32,m64,mx32 --enable-multilib --with-tune=generic --enable-offload-targets=nvptx-none --without-cuda-driver --enable-checking=release --build=x86_64-linux-gnu --host=x86_64-linux-gnu --target=x86_64-linux-gnu
Thread model: posix
gcc version 7.4.0 (Ubuntu 7.4.0-1ubuntu1~18.04.1) 
configure:4864: $? = 0
configure:4853: /usr/bin/g++ -V >&5
g++: error: unrecognized command line option '-V'
g++: fatal error: no input files
compilation terminated.
configure:4864: $? = 1
configure:4853: /usr/bin/g++ -qversion >&5
g++: error: unrecognized command line option '-qversion'; did you mean '--version'?
g++: fatal error: no input files
compilation terminated.
configure:4864: $? = 1
configure:4868: checking whether we are using the GNU C++ compiler
configure:4887: /usr/bin/g++ -c -g3 -gdwarf-2  conftest.cpp >&5
configure:4887: $? = 0
configure:4896: result: yes
configure:4905: checking whether /usr/bin/g++ accepts -g
configure:4925: /usr/bin/g++ -c -g  conftest.cpp >&5
configure:4925: $? = 0
configure:4966: result: yes
configure:4991: checking dependency style of /usr/bin/g++
configure:5102: result: gcc3
configure:5122: checking whether /usr/bin/g++ understands -c and -o together
configure:5146: /usr/bin/g++ -g3 -gdwarf-2 -c conftest.cpp -o conftest2.o >&5
configure:5150: $? = 0
configure:5157: /usr/bin/g++ -g3 -gdwarf-2 -c conftest.cpp -o conftest2.o >&5
configure:5161: $? = 0
configure:5169: result: yes
configure:5186: checking build system type
configure:5200: result: x86_64-pc-linux-gnu
configure:5220: checking host system type
configure:5233: result: x86_64-pc-linux-gnu
configure:5602: checking how to print strings
configure:5629: result: printf
configure:5650: checking for a sed that does not truncate output
configure:5714: result: /bin/sed
configure:5732: checking for grep that handles long lines and -e
configure:5790: result: /bin/grep
configure:5795: checking for egrep
configure:5857: result: /bin/grep -E
configure:5862: checking for fgrep
configure:5924: result: /bin/grep -F
configure:5959: checking for ld used by /usr/bin/gcc
configure:6026: result: /usr/bin/ld
configure:6033: checking if the linker (/usr/bin/ld) is GNU ld
configure:6048: result: yes
configure:6060: checking for BSD- or MS-compatible name lister (nm)
configure:6114: result: /usr/bin/nm -B
configure:6244: checking the name lister (/usr/bin/nm -B) interface
configure:6251: /usr/bin/gcc -c -g3 -gdwarf-2  conftest.c >&5
configure:6254: /usr/bin/nm -B "conftest.o"
configure:6257: output
0000000000000000 B some_variable
0000000000000000 n wm4.0.95615acb7fdd2245926e9524be894509
0000000000000000 n wm4.stdcpredef.h.19.006d14bbbe0dc07ba9b1ce3fdc8e40d3
configure:6264: result: BSD nm
configure:6267: checking whether ln -s works
configure:6271: result: yes
configure:6279: checking the maximum length of command line arguments
configure:6410: result: 1572864
configure:6458: checking how to convert x86_64-pc-linux-gnu file names to x86_64-pc-linux-gnu format
configure:6498: result: func_convert_file_noop
configure:6505: checking how to convert x86_64-pc-linux-gnu file names to toolchain format
configure:6525: result: func_convert_file_noop
configure:6532: checking for /usr/bin/ld option to reload object files
configure:6539: result: -r
configure:6613: checking for objdump
configure:6640: result: objdump
configure:6669: checking how to recognize dependent libraries
configure:6869: result: pass_all
configure:6954: checking for dlltool
configure:6981: result: dlltool
configure:7011: checking how to associate runtime and link libraries
configure:7038: result: printf %s\n
configure:7099: checking for ar
configure:7115: found /usr/bin/ar
configure:7126: result: ar
configure:7163: checking for archiver @FILE support
configure:7180: /usr/bin/gcc -c -g3 -gdwarf-2  conftest.c >&5
configure:7180: $? = 0
configure:7183: ar cru libconftest.a @conftest.lst >&5
ar: `u' modifier ignored since `D' is the default (see `U')
configure:7186: $? = 0
configure:7191: ar cru libconftest.a @conftest.lst >&5
ar: `u' modifier ignored since `D' is the default (see `U')
ar: conftest.o: No such file or directory
configure:7194: $? = 1
configure:7206: result: @
configure:7264: checking for strip
configure:7280: found /usr/bin/strip
configure:7291: result: strip
configure:7363: checking for ranlib
configure:7379: found /usr/bin/ranlib
configure:7390: result: ranlib
configure:7492: checking command to parse /usr/bin/nm -B output from /usr/bin/gcc object
configure:7645: /usr/bin/gcc -c -g3 -gdwarf-2  conftest.c >&5
configure:7648: $? = 0
configure:7652: /usr/bin/nm -B conftest.o \| sed -n -e 's/^.*[ ]\([ABCDGIRSTW][ABCDGIRSTW]*\)[ ][ ]*\([_A-Za-z][_A-Za-z0-9]*\)$/\1 \2 \2/p' | sed '/ __gnu_lto/d' \> conftest.nm
configure:7655: $? = 0
configure:7721: /usr/bin/gcc -o conftest -g3 -gdwarf-2   conftest.c conftstm.o >&5
configure:7724: $? = 0
configure:7762: result: ok
configure:7809: checking for sysroot
configure:7839: result: no
configure:7846: checking for a working dd
configure:7884: result: /bin/dd
configure:7888: checking how to truncate binary pipes
configure:7903: result: /bin/dd bs=4096 count=1
configure:8039: /usr/bin/gcc -c -g3 -gdwarf-2  conftest.c >&5
configure:8042: $? = 0
configure:8232: checking for mt
configure:8248: found /bin/mt
configure:8259: result: mt
configure:8282: checking if mt is a manifest tool
configure:8288: mt '-?'
configure:8296: result: no
configure:8973: checking how to run the C preprocessor
configure:9004: /usr/bin/gcc -E  conftest.c
configure:9004: $? = 0
configure:9018: /usr/bin/gcc -E  conftest.c
conftest.c:14:10: fatal error: ac_nonexistent.h: No such file or directory
 #include <ac_nonexistent.h>
          ^~~~~~~~~~~~~~~~~~
compilation terminated.
configure:9018: $? = 1
configure: failed program was:
| /* confdefs.h */
| #define PACKAGE_NAME "fty-srr"
| #define PACKAGE_TARNAME "fty-srr"
| #define PACKAGE_VERSION "1.0.0"
| #define PACKAGE_STRING "fty-srr 1.0.0"
| #define PACKAGE_BUGREPORT "eatonipcopensource@eaton.com"
| #define PACKAGE_URL ""
| #define PACKAGE "fty-srr"
| #define VERSION "1.0.0"
| #define PACKAGE_VERSION_MAJOR 1
| #define PACKAGE_VERSION_MINOR 0
| #define PACKAGE_VERSION_PATCH 0
| /* end confdefs.h.  */
| #include <ac_nonexistent.h>
configure:9043: result: /usr/bin/gcc -E
configure:9063: /usr/bin/gcc -E  conftest.c
configure:9063: $? = 0
configure:9077: /usr/bin/gcc -E  conftest.c
conftest.c:14:10: fatal error: ac_nonexistent.h: No such file or directory
 #include <ac_nonexistent.h>
          ^~~~~~~~~~~~~~~~~~
compilation terminated.
configure:9077: $? = 1
configure: failed program was:
| /* confdefs.h */
| #define PACKAGE_NAME "fty-srr"
| #define PACKAGE_TARNAME "fty-srr"
| #define PACKAGE_VERSION "1.0.0"
| #define PACKAGE_STRING "fty-srr 1.0.0"
| #define PACKAGE_BUGREPORT "eatonipcopensource@eaton.com"
| #define PACKAGE_URL ""
| #define PACKAGE "fty-srr"
| #define VERSION "1.0.0"
| #define PACKAGE_VERSION_MAJOR 1
| #define PACKAGE_VERSION_MINOR 0
| #define PACKAGE_VERSION_PATCH 0
| /* end confdefs.h.  */
| #include <ac_nonexistent.h>
configure:9106: checking for ANSI C header files
configure:9126: /usr/bin/gcc -c -g3 -gdwarf-2  conftest.c >&5
configure:9126: $? = 0
configure:9199: /usr/bin/gcc -o conftest -g3 -gdwarf-2   conftest.c  >&5
configure:9199: $? = 0
configure:9199: ./conftest
configure:9199: $? = 0
configure:9210: result: yes
configure:9223: checking for sys/types.h
configure:9223: /usr/bin/gcc -c -g3 -gdwarf-2  conftest.c >&5
configure:9223: $? = 0
configure:9223: result: yes
configure:9223: checking for sys/stat.h
configure:9223: /usr/bin/gcc -c -g3 -gdwarf-2  conftest.c >&5
configure:9223: $? = 0
configure:9223: result: yes
configure:9223: checking for stdlib.h
configure:9223: /usr/bin/gcc -c -g3 -gdwarf-2  conftest.c >&5
configure:9223: $? = 0
configure:9223: result: yes
configure:9223: checking for string.h
configure:9223: /usr/bin/gcc -c -g3 -gdwarf-2  conftest.c >&5
configure:9223: $? = 0
configure:9223: result: yes
configure:9223: checking for memory.h
configure:9223: /usr/bin/gcc -c -g3 -gdwarf-2  conftest.c >&5
configure:9223: $? = 0
configure:9223: result: yes
configure:9223: checking for strings.h
configure:9223: /usr/bin/gcc -c -g3 -gdwarf-2  conftest.c >&5
configure:9223: $? = 0
configure:9223: result: yes
configure:9223: checking for inttypes.h
configure:9223: /usr/bin/gcc -c -g3 -gdwarf-2  conftest.c >&5
configure:9223: $? = 0
configure:9223: result: yes
configure:9223: checking for stdint.h
configure:9223: /usr/bin/gcc -c -g3 -gdwarf-2  conftest.c >&5
configure:9223: $? = 0
configure:9223: result: yes
configure:9223: checking for unistd.h
configure:9223: /usr/bin/gcc -c -g3 -gdwarf-2  conftest.c >&5
configure:9223: $? = 0
configure:9223: result: yes
configure:9237: checking for dlfcn.h
configure:9237: /usr/bin/gcc -c -g3 -gdwarf-2  conftest.c >&5
configure:9237: $? = 0
configure:9237: result: yes
configure:9502: checking for objdir
configure:9517: result: .libs
configure:9781: checking if /usr/bin/gcc supports -fno-rtti -fno-exceptions
configure:9799: /usr/bin/gcc -c -g3 -gdwarf-2  -fno-rtti -fno-exceptions conftest.c >&5
cc1: warning: command line option '-fno-rtti' is valid for C++/ObjC++ but not for C
configure:9803: $? = 0
configure:9816: result: no
configure:10174: checking for /usr/bin/gcc option to produce PIC
configure:10181: result: -fPIC -DPIC
configure:10189: checking if /usr/bin/gcc PIC flag -fPIC -DPIC works
configure:10207: /usr/bin/gcc -c -g3 -gdwarf-2  -fPIC -DPIC -DPIC conftest.c >&5
configure:10211: $? = 0
configure:10224: result: yes
configure:10253: checking if /usr/bin/gcc static flag -static works
configure:10281: result: yes
configure:10296: checking if /usr/bin/gcc supports -c -o file.o
configure:10317: /usr/bin/gcc -c -g3 -gdwarf-2  -o out/conftest2.o conftest.c >&5
configure:10321: $? = 0
configure:10343: result: yes
configure:10351: checking if /usr/bin/gcc supports -c -o file.o
configure:10398: result: yes
configure:10431: checking whether the /usr/bin/gcc linker (/usr/bin/ld -m elf_x86_64) supports shared libraries
configure:11694: result: yes
configure:11731: checking whether -lc should be explicitly linked in
configure:11739: /usr/bin/gcc -c -g3 -gdwarf-2  conftest.c >&5
configure:11742: $? = 0
configure:11757: /usr/bin/gcc -shared  -fPIC -DPIC conftest.o  -v -Wl,-soname -Wl,conftest -o conftest 2\>\&1 \| /bin/grep  -lc  \>/dev/null 2\>\&1
configure:11760: $? = 0
configure:11774: result: no
configure:11934: checking dynamic linker characteristics
configure:12515: /usr/bin/gcc -o conftest -g3 -gdwarf-2   -Wl,-rpath -Wl,/foo conftest.c  >&5
configure:12515: $? = 0
configure:12764: result: GNU/Linux ld.so
configure:12886: checking how to hardcode library paths into programs
configure:12911: result: immediate
configure:13459: checking whether stripping libraries is possible
configure:13464: result: yes
configure:13499: checking if libtool supports shared libraries
configure:13501: result: yes
configure:13504: checking whether to build shared libraries
configure:13529: result: yes
configure:13532: checking whether to build static libraries
configure:13536: result: yes
configure:13559: checking how to run the C++ preprocessor
configure:13586: /usr/bin/g++ -E  conftest.cpp
configure:13586: $? = 0
configure:13600: /usr/bin/g++ -E  conftest.cpp
conftest.cpp:26:10: fatal error: ac_nonexistent.h: No such file or directory
 #include <ac_nonexistent.h>
          ^~~~~~~~~~~~~~~~~~
compilation terminated.
configure:13600: $? = 1
configure: failed program was:
| /* confdefs.h */
| #define PACKAGE_NAME "fty-srr"
| #define PACKAGE_TARNAME "fty-srr"
| #define PACKAGE_VERSION "1.0.0"
| #define PACKAGE_STRING "fty-srr 1.0.0"
| #define PACKAGE_BUGREPORT "eatonipcopensource@eaton.com"
| #define PACKAGE_URL ""
| #define PACKAGE "fty-srr"
| #define VERSION "1.0.0"
| #define PACKAGE_VERSION_MAJOR 1
| #define PACKAGE_VERSION_MINOR 0
| #define PACKAGE_VERSION_PATCH 0
| #define STDC_HEADERS 1
| #define HAVE_SYS_TYPES_H 1
| #define HAVE_SYS_STAT_H 1
| #define HAVE_STDLIB_H 1
| #define HAVE_STRING_H 1
| #define HAVE_MEMORY_H 1
| #define HAVE_STRINGS_H 1
| #define HAVE_INTTYPES_H 1
| #define HAVE_STDINT_H 1
| #define HAVE_UNISTD_H 1
| #define HAVE_DLFCN_H 1
| #define LT_OBJDIR ".libs/"
| /* end confdefs.h.  */
| #include <ac_nonexistent.h>
configure:13625: result: /usr/bin/g++ -E
configure:13645: /usr/bin/g++ -E  conftest.cpp
configure:13645: $? = 0
configure:13659: /usr/bin/g++ -E  conftest.cpp
conftest.cpp:26:10: fatal error: ac_nonexistent.h: No such file or directory
 #include <ac_nonexistent.h>
          ^~~~~~~~~~~~~~~~~~
compilation terminated.
configure:13659: $? = 1
configure: failed program was:
| /* confdefs.h */
| #define PACKAGE_NAME "fty-srr"
| #define PACKAGE_TARNAME "fty-srr"
| #define PACKAGE_VERSION "1.0.0"
| #define PACKAGE_STRING "fty-srr 1.0.0"
| #define PACKAGE_BUGREPORT "eatonipcopensource@eaton.com"
| #define PACKAGE_URL ""
| #define PACKAGE "fty-srr"
| #define VERSION "1.0.0"
| #define PACKAGE_VERSION_MAJOR 1
| #define PACKAGE_VERSION_MINOR 0
| #define PACKAGE_VERSION_PATCH 0
| #define STDC_HEADERS 1
| #define HAVE_SYS_TYPES_H 1
| #define HAVE_SYS_STAT_H 1
| #define HAVE_STDLIB_H 1
| #define HAVE_STRING_H 1
| #define HAVE_MEMORY_H 1
| #define HAVE_STRINGS_H 1
| #define HAVE_INTTYPES_H 1
| #define HAVE_STDINT_H 1
| #define HAVE_UNISTD_H 1
| #define HAVE_DLFCN_H 1
| #define LT_OBJDIR ".libs/"
| /* end confdefs.h.  */
| #include <ac_nonexistent.h>
configure:13821: checking for ld used by /usr/bin/g++
configure:13888: result: /usr/bin/ld -m elf_x86_64
configure:13895: checking if the linker (/usr/bin/ld -m elf_x86_64) is GNU ld
configure:13910: result: yes
configure:13965: checking whether the /usr/bin/g++ linker (/usr/bin/ld -m elf_x86_64) supports shared libraries
configure:15038: result: yes
configure:15074: /usr/bin/g++ -c -g3 -gdwarf-2  conftest.cpp >&5
configure:15077: $? = 0
configure:15558: checking for /usr/bin/g++ option to produce PIC
configure:15565: result: -fPIC -DPIC
configure:15573: checking if /usr/bin/g++ PIC flag -fPIC -DPIC works
configure:15591: /usr/bin/g++ -c -g3 -gdwarf-2  -fPIC -DPIC -DPIC conftest.cpp >&5
configure:15595: $? = 0
configure:15608: result: yes
configure:15631: checking if /usr/bin/g++ static flag -static works
configure:15659: result: yes
configure:15671: checking if /usr/bin/g++ supports -c -o file.o
configure:15692: /usr/bin/g++ -c -g3 -gdwarf-2  -o out/conftest2.o conftest.cpp >&5
configure:15696: $? = 0
configure:15718: result: yes
configure:15723: checking if /usr/bin/g++ supports -c -o file.o
configure:15770: result: yes
configure:15800: checking whether the /usr/bin/g++ linker (/usr/bin/ld -m elf_x86_64) supports shared libraries
configure:15843: result: yes
configure:15984: checking dynamic linker characteristics
configure:16741: result: GNU/Linux ld.so
configure:16806: checking how to hardcode library paths into programs
configure:16831: result: immediate
configure:16892: checking for a sed that does not truncate output
configure:16956: result: /bin/sed
configure:16965: checking for gawk
configure:16992: result: gawk
configure:17057: checking for pkg-config
configure:17075: found /usr/bin/pkg-config
configure:17087: result: /usr/bin/pkg-config
configure:17112: checking pkg-config is at least version 0.9.0
configure:17115: result: yes
configure:17125: checking whether byte ordering is bigendian
configure:17140: /usr/bin/gcc -c -g3 -gdwarf-2  conftest.c >&5
conftest.c:27:9: error: unknown type name 'not'
         not a universal capable compiler
         ^~~
conftest.c:27:15: error: expected '=', ',', ';', 'asm' or '__attribute__' before 'universal'
         not a universal capable compiler
               ^~~~~~~~~
conftest.c:27:15: error: unknown type name 'universal'
configure:17140: $? = 1
configure: failed program was:
| /* confdefs.h */
| #define PACKAGE_NAME "fty-srr"
| #define PACKAGE_TARNAME "fty-srr"
| #define PACKAGE_VERSION "1.0.0"
| #define PACKAGE_STRING "fty-srr 1.0.0"
| #define PACKAGE_BUGREPORT "eatonipcopensource@eaton.com"
| #define PACKAGE_URL ""
| #define PACKAGE "fty-srr"
| #define VERSION "1.0.0"
| #define PACKAGE_VERSION_MAJOR 1
| #define PACKAGE_VERSION_MINOR 0
| #define PACKAGE_VERSION_PATCH 0
| #define STDC_HEADERS 1
| #define HAVE_SYS_TYPES_H 1
| #define HAVE_SYS_STAT_H 1
| #define HAVE_STDLIB_H 1
| #define HAVE_STRING_H 1
| #define HAVE_MEMORY_H 1
| #define HAVE_STRINGS_H 1
| #define HAVE_INTTYPES_H 1
| #define HAVE_STDINT_H 1
| #define HAVE_UNISTD_H 1
| #define HAVE_DLFCN_H 1
| #define LT_OBJDIR ".libs/"
| /* end confdefs.h.  */
| #ifndef __APPLE_CC__
| 	       not a universal capable compiler
| 	     #endif
| 	     typedef int dummy;
| 
configure:17185: /usr/bin/gcc -c -g3 -gdwarf-2  conftest.c >&5
configure:17185: $? = 0
configure:17203: /usr/bin/gcc -c -g3 -gdwarf-2  conftest.c >&5
conftest.c: In function 'main':
conftest.c:33:4: error: unknown type name 'not'; did you mean 'ino_t'?
    not big endian
    ^~~
    ino_t
conftest.c:33:12: error: expected '=', ',', ';', 'asm' or '__attribute__' before 'endian'
    not big endian
            ^~~~~~
configure:17203: $? = 1
configure: failed program was:
| /* confdefs.h */
| #define PACKAGE_NAME "fty-srr"
| #define PACKAGE_TARNAME "fty-srr"
| #define PACKAGE_VERSION "1.0.0"
| #define PACKAGE_STRING "fty-srr 1.0.0"
| #define PACKAGE_BUGREPORT "eatonipcopensource@eaton.com"
| #define PACKAGE_URL ""
| #define PACKAGE "fty-srr"
| #define VERSION "1.0.0"
| #define PACKAGE_VERSION_MAJOR 1
| #define PACKAGE_VERSION_MINOR 0
| #define PACKAGE_VERSION_PATCH 0
| #define STDC_HEADERS 1
| #define HAVE_SYS_TYPES_H 1
| #define HAVE_SYS_STAT_H 1
| #define HAVE_STDLIB_H 1
| #define HAVE_STRING_H 1
| #define HAVE_MEMORY_H 1
| #define HAVE_STRINGS_H 1
| #define HAVE_INTTYPES_H 1
| #define HAVE_STDINT_H 1
| #define HAVE_UNISTD_H 1
| #define HAVE_DLFCN_H 1
| #define LT_OBJDIR ".libs/"
| /* end confdefs.h.  */
| #include <sys/types.h>
| 		#include <sys/param.h>
| 
| int
| main ()
| {
| #if BYTE_ORDER != BIG_ENDIAN
| 		 not big endian
| 		#endif
| 
|   ;
|   return 0;
| }
configure:17331: result: no
configure:17354: checking for cppcheck
configure:17382: result: false
configure:17400: checking whether to enable GCov
configure:17434: result: no
configure:17439: checking whether to enable ASan
configure:17470: result: no
configure:17475: checking whether to install Python bindings
configure:17506: result: no
configure:17515: checking for clang-format
configure:17548: result: no
configure:17720: checking for libsodium
configure:17727: $PKG_CONFIG --exists --print-errors "libsodium >= 0.0.0"
Package libsodium was not found in the pkg-config search path.
Perhaps you should add the directory containing `libsodium.pc'
to the PKG_CONFIG_PATH environment variable
No package 'libsodium' found
configure:17730: $? = 1
configure:17744: $PKG_CONFIG --exists --print-errors "libsodium >= 0.0.0"
Package libsodium was not found in the pkg-config search path.
Perhaps you should add the directory containing `libsodium.pc'
to the PKG_CONFIG_PATH environment variable
No package 'libsodium' found
configure:17747: $? = 1
configure:17761: result: no
No package 'libsodium' found
configure:17778: Package libsodium not found; falling back to defined compilability tests
configure:17792: checking sodium.h usability
configure:17792: /usr/bin/gcc -c -g3 -gdwarf-2  conftest.c >&5
conftest.c:59:10: fatal error: sodium.h: No such file or directory
 #include <sodium.h>
          ^~~~~~~~~~
compilation terminated.
configure:17792: $? = 1
configure: failed program was:
| /* confdefs.h */
| #define PACKAGE_NAME "fty-srr"
| #define PACKAGE_TARNAME "fty-srr"
| #define PACKAGE_VERSION "1.0.0"
| #define PACKAGE_STRING "fty-srr 1.0.0"
| #define PACKAGE_BUGREPORT "eatonipcopensource@eaton.com"
| #define PACKAGE_URL ""
| #define PACKAGE "fty-srr"
| #define VERSION "1.0.0"
| #define PACKAGE_VERSION_MAJOR 1
| #define PACKAGE_VERSION_MINOR 0
| #define PACKAGE_VERSION_PATCH 0
| #define STDC_HEADERS 1
| #define HAVE_SYS_TYPES_H 1
| #define HAVE_SYS_STAT_H 1
| #define HAVE_STDLIB_H 1
| #define HAVE_STRING_H 1
| #define HAVE_MEMORY_H 1
| #define HAVE_STRINGS_H 1
| #define HAVE_INTTYPES_H 1
| #define HAVE_STDINT_H 1
| #define HAVE_UNISTD_H 1
| #define HAVE_DLFCN_H 1
| #define LT_OBJDIR ".libs/"
| /* end confdefs.h.  */
| #include <stdio.h>
| #ifdef HAVE_SYS_TYPES_H
| # include <sys/types.h>
| #endif
| #ifdef HAVE_SYS_STAT_H
| # include <sys/stat.h>
| #endif
| #ifdef STDC_HEADERS
| # include <stdlib.h>
| # include <stddef.h>
| #else
| # ifdef HAVE_STDLIB_H
| #  include <stdlib.h>
| # endif
| #endif
| #ifdef HAVE_STRING_H
| # if !defined STDC_HEADERS && defined HAVE_MEMORY_H
| #  include <memory.h>
| # endif
| # include <string.h>
| #endif
| #ifdef HAVE_STRINGS_H
| # include <strings.h>
| #endif
| #ifdef HAVE_INTTYPES_H
| # include <inttypes.h>
| #endif
| #ifdef HAVE_STDINT_H
| # include <stdint.h>
| #endif
| #ifdef HAVE_UNISTD_H
| # include <unistd.h>
| #endif
| #include <sodium.h>
configure:17792: result: no
configure:17792: checking sodium.h presence
configure:17792: /usr/bin/gcc -E  conftest.c
conftest.c:26:10: fatal error: sodium.h: No such file or directory
 #include <sodium.h>
          ^~~~~~~~~~
compilation terminated.
configure:17792: $? = 1
configure: failed program was:
| /* confdefs.h */
| #define PACKAGE_NAME "fty-srr"
| #define PACKAGE_TARNAME "fty-srr"
| #define PACKAGE_VERSION "1.0.0"
| #define PACKAGE_STRING "fty-srr 1.0.0"
| #define PACKAGE_BUGREPORT "eatonipcopensource@eaton.com"
| #define PACKAGE_URL ""
| #define PACKAGE "fty-srr"
| #define VERSION "1.0.0"
| #define PACKAGE_VERSION_MAJOR 1
| #define PACKAGE_VERSION_MINOR 0
| #define PACKAGE_VERSION_PATCH 0
| #define STDC_HEADERS 1
| #define HAVE_SYS_TYPES_H 1
| #define HAVE_SYS_STAT_H 1
| #define HAVE_STDLIB_H 1
| #define HAVE_STRING_H 1
| #define HAVE_MEMORY_H 1
| #define HAVE_STRINGS_H 1
| #define HAVE_INTTYPES_H 1
| #define HAVE_STDINT_H 1
| #define HAVE_UNISTD_H 1
| #define HAVE_DLFCN_H 1
| #define LT_OBJDIR ".libs/"
| /* end confdefs.h.  */
| #include <sodium.h>
configure:17792: result: no
configure:17792: checking for sodium.h
configure:17792: result: no
configure:17796: error: Header file sodium.h was not found in default search paths

## ---------------- ##
## Cache variables. ##
## ---------------- ##

ac_cv_build=x86_64-pc-linux-gnu
ac_cv_c_bigendian=no
ac_cv_c_compiler_gnu=yes
ac_cv_cxx_compiler_gnu=yes
ac_cv_env_CCC_set=
ac_cv_env_CCC_value=
ac_cv_env_CC_set=set
ac_cv_env_CC_value=/usr/bin/gcc
ac_cv_env_CFLAGS_set=set
ac_cv_env_CFLAGS_value='-g3 -gdwarf-2'
ac_cv_env_CPPFLAGS_set=
ac_cv_env_CPPFLAGS_value=
ac_cv_env_CPP_set=
ac_cv_env_CPP_value=
ac_cv_env_CXXCPP_set=
ac_cv_env_CXXCPP_value=
ac_cv_env_CXXFLAGS_set=set
ac_cv_env_CXXFLAGS_value='-g3 -gdwarf-2'
ac_cv_env_CXX_set=set
ac_cv_env_CXX_value=/usr/bin/g++
ac_cv_env_LDFLAGS_set=
ac_cv_env_LDFLAGS_value=
ac_cv_env_LIBS_set=
ac_cv_env_LIBS_value=
ac_cv_env_LT_SYS_LIBRARY_PATH_set=
ac_cv_env_LT_SYS_LIBRARY_PATH_value=
ac_cv_env_PKG_CONFIG_LIBDIR_set=
ac_cv_env_PKG_CONFIG_LIBDIR_value=
ac_cv_env_PKG_CONFIG_PATH_set=
ac_cv_env_PKG_CONFIG_PATH_value=
ac_cv_env_PKG_CONFIG_set=
ac_cv_env_PKG_CONFIG_value=
ac_cv_env_augeas_CFLAGS_set=
ac_cv_env_augeas_CFLAGS_value=
ac_cv_env_augeas_LIBS_set=
ac_cv_env_augeas_LIBS_value=
ac_cv_env_build_alias_set=
ac_cv_env_build_alias_value=
ac_cv_env_cxxtools_CFLAGS_set=
ac_cv_env_cxxtools_CFLAGS_value=
ac_cv_env_cxxtools_LIBS_set=
ac_cv_env_cxxtools_LIBS_value=
ac_cv_env_czmq_CFLAGS_set=
ac_cv_env_czmq_CFLAGS_value=
ac_cv_env_czmq_LIBS_set=
ac_cv_env_czmq_LIBS_value=
ac_cv_env_fty_common_logging_CFLAGS_set=
ac_cv_env_fty_common_logging_CFLAGS_value=
ac_cv_env_fty_common_logging_LIBS_set=
ac_cv_env_fty_common_logging_LIBS_value=
ac_cv_env_fty_common_messagebus_CFLAGS_set=
ac_cv_env_fty_common_messagebus_CFLAGS_value=
ac_cv_env_fty_common_messagebus_LIBS_set=
ac_cv_env_fty_common_messagebus_LIBS_value=
ac_cv_env_host_alias_set=
ac_cv_env_host_alias_value=
ac_cv_env_libsodium_CFLAGS_set=
ac_cv_env_libsodium_CFLAGS_value=
ac_cv_env_libsodium_LIBS_set=
ac_cv_env_libsodium_LIBS_value=
ac_cv_env_libzmq_CFLAGS_set=
ac_cv_env_libzmq_CFLAGS_value=
ac_cv_env_libzmq_LIBS_set=
ac_cv_env_libzmq_LIBS_value=
ac_cv_env_log4cplus_CFLAGS_set=
ac_cv_env_log4cplus_CFLAGS_value=
ac_cv_env_log4cplus_LIBS_set=
ac_cv_env_log4cplus_LIBS_value=
ac_cv_env_malamute_CFLAGS_set=
ac_cv_env_malamute_CFLAGS_value=
ac_cv_env_malamute_LIBS_set=
ac_cv_env_malamute_LIBS_value=
ac_cv_env_target_alias_set=
ac_cv_env_target_alias_value=
ac_cv_header_dlfcn_h=yes
ac_cv_header_inttypes_h=yes
ac_cv_header_memory_h=yes
ac_cv_header_sodium_h=no
ac_cv_header_stdc=yes
ac_cv_header_stdint_h=yes
ac_cv_header_stdlib_h=yes
ac_cv_header_string_h=yes
ac_cv_header_strings_h=yes
ac_cv_header_sys_stat_h=yes
ac_cv_header_sys_types_h=yes
ac_cv_header_unistd_h=yes
ac_cv_host=x86_64-pc-linux-gnu
ac_cv_objext=o
ac_cv_path_EGREP='/bin/grep -E'
ac_cv_path_FGREP='/bin/grep -F'
ac_cv_path_GREP=/bin/grep
ac_cv_path_SED=/bin/sed
ac_cv_path_ac_pt_PKG_CONFIG=/usr/bin/pkg-config
ac_cv_path_install='/usr/bin/install -c'
ac_cv_path_lt_DD=/bin/dd
ac_cv_path_mkdir=/bin/mkdir
ac_cv_prog_AWK=gawk
ac_cv_prog_CPP='/usr/bin/gcc -E'
ac_cv_prog_CXXCPP='/usr/bin/g++ -E'
ac_cv_prog_WITH_CPPCHECK=false
ac_cv_prog_ac_ct_AR=ar
ac_cv_prog_ac_ct_CC=/usr/bin/gcc
ac_cv_prog_ac_ct_DLLTOOL=dlltool
ac_cv_prog_ac_ct_MANIFEST_TOOL=mt
ac_cv_prog_ac_ct_OBJDUMP=objdump
ac_cv_prog_ac_ct_RANLIB=ranlib
ac_cv_prog_ac_ct_STRIP=strip
ac_cv_prog_cc_c89=
ac_cv_prog_cc_c99=
ac_cv_prog_cc_g=yes
ac_cv_prog_cxx_c_o=yes
ac_cv_prog_cxx_g=yes
ac_cv_prog_make_make_set=yes
am_cv_CC_dependencies_compiler_type=gcc3
am_cv_CXX_dependencies_compiler_type=gcc3
am_cv_make_support_nested_variables=yes
am_cv_prog_cc_c_o=yes
am_cv_prog_tar_ustar=gnutar
lt_cv_ar_at_file=@
lt_cv_archive_cmds_need_lc=no
lt_cv_deplibs_check_method=pass_all
lt_cv_file_magic_cmd='$MAGIC_CMD'
lt_cv_file_magic_test_file=
lt_cv_ld_reload_flag=-r
lt_cv_nm_interface='BSD nm'
lt_cv_objdir=.libs
lt_cv_path_LD=/usr/bin/ld
lt_cv_path_LDCXX='/usr/bin/ld -m elf_x86_64'
lt_cv_path_NM='/usr/bin/nm -B'
lt_cv_path_mainfest_tool=no
lt_cv_prog_compiler_c_o=yes
lt_cv_prog_compiler_c_o_CXX=yes
lt_cv_prog_compiler_pic='-fPIC -DPIC'
lt_cv_prog_compiler_pic_CXX='-fPIC -DPIC'
lt_cv_prog_compiler_pic_works=yes
lt_cv_prog_compiler_pic_works_CXX=yes
lt_cv_prog_compiler_rtti_exceptions=no
lt_cv_prog_compiler_static_works=yes
lt_cv_prog_compiler_static_works_CXX=yes
lt_cv_prog_gnu_ld=yes
lt_cv_prog_gnu_ldcxx=yes
lt_cv_sharedlib_from_linklib_cmd='printf %s\n'
lt_cv_shlibpath_overrides_runpath=yes
lt_cv_sys_global_symbol_pipe='sed -n -e '\''s/^.*[	 ]\([ABCDGIRSTW][ABCDGIRSTW]*\)[	 ][	 ]*\([_A-Za-z][_A-Za-z0-9]*\)$/\1 \2 \2/p'\'' | sed '\''/ __gnu_lto/d'\'''
lt_cv_sys_global_symbol_to_c_name_address='sed -n -e '\''s/^: \(.*\) .*$/  {"\1", (void *) 0},/p'\'' -e '\''s/^[ABCDGIRSTW][ABCDGIRSTW]* .* \(.*\)$/  {"\1", (void *) \&\1},/p'\'''
lt_cv_sys_global_symbol_to_c_name_address_lib_prefix='sed -n -e '\''s/^: \(.*\) .*$/  {"\1", (void *) 0},/p'\'' -e '\''s/^[ABCDGIRSTW][ABCDGIRSTW]* .* \(lib.*\)$/  {"\1", (void *) \&\1},/p'\'' -e '\''s/^[ABCDGIRSTW][ABCDGIRSTW]* .* \(.*\)$/  {"lib\1", (void *) \&\1},/p'\'''
lt_cv_sys_global_symbol_to_cdecl='sed -n -e '\''s/^T .* \(.*\)$/extern int \1();/p'\'' -e '\''s/^[ABCDGIRSTW][ABCDGIRSTW]* .* \(.*\)$/extern char \1;/p'\'''
lt_cv_sys_global_symbol_to_import=
lt_cv_sys_max_cmd_len=1572864
lt_cv_to_host_file_cmd=func_convert_file_noop
lt_cv_to_tool_file_cmd=func_convert_file_noop
lt_cv_truncate_bin='/bin/dd bs=4096 count=1'

## ----------------- ##
## Output variables. ##
## ----------------- ##

ACLOCAL='${SHELL} /home/eaton/work/fty/fty-srr/config/missing aclocal-1.15'
AMDEPBACKSLASH='\'
AMDEP_FALSE='#'
AMDEP_TRUE=''
AMTAR='$${TAR-tar}'
AM_BACKSLASH='\'
AM_DEFAULT_V='$(AM_DEFAULT_VERBOSITY)'
AM_DEFAULT_VERBOSITY='0'
AM_V='$(V)'
AR='ar'
AS='as'
AUTOCONF='${SHELL} /home/eaton/work/fty/fty-srr/config/missing autoconf'
AUTOHEADER='${SHELL} /home/eaton/work/fty/fty-srr/config/missing autoheader'
AUTOMAKE='${SHELL} /home/eaton/work/fty/fty-srr/config/missing automake-1.15'
AWK='gawk'
BUILD_ARCH=''
BUILD_DATE=''
BUILD_DOC_FALSE=''
BUILD_DOC_TRUE=''
BUILD_HOST=''
BUILD_USER=''
BUILD_VERSION=''
CC='/usr/bin/gcc'
CCDEPMODE='depmode=gcc3'
CFLAGS='-g3 -gdwarf-2'
CLANG_FORMAT=''
CPP='/usr/bin/gcc -E'
CPPFLAGS=''
CXX='/usr/bin/g++'
CXXCPP='/usr/bin/g++ -E'
CXXDEPMODE='depmode=gcc3'
CXXFLAGS='-g3 -gdwarf-2'
CYGPATH_W='echo'
DEFS=''
DEPDIR='.deps'
DLLTOOL='dlltool'
DSYMUTIL=''
DUMPBIN=''
ECHO_C=''
ECHO_N='-n'
ECHO_T=''
EGREP='/bin/grep -E'
ENABLE_ASAN_FALSE=''
ENABLE_ASAN_TRUE='#'
ENABLE_BINDINGS_PYTHON_FALSE=''
ENABLE_BINDINGS_PYTHON_TRUE='#'
ENABLE_DIST_CMAKEFILES_FALSE=''
ENABLE_DIST_CMAKEFILES_TRUE=''
ENABLE_DRAFTS_FALSE=''
ENABLE_DRAFTS_TRUE=''
ENABLE_FTY_SRR_FALSE=''
ENABLE_FTY_SRR_SELFTEST_FALSE=''
ENABLE_FTY_SRR_SELFTEST_TRUE=''
ENABLE_FTY_SRR_TRUE=''
ENABLE_SHARED_FALSE=''
ENABLE_SHARED_TRUE=''
EXEEXT=''
FGREP='/bin/grep -F'
GREP='/bin/grep'
INSTALL_DATA='${INSTALL} -m 644'
INSTALL_MAN_FALSE=''
INSTALL_MAN_TRUE=''
INSTALL_PROGRAM='${INSTALL}'
INSTALL_SCRIPT='${INSTALL}'
INSTALL_STRIP_PROGRAM='$(install_sh) -c -s'
LD='/usr/bin/ld -m elf_x86_64'
LDFLAGS=''
LIBOBJS=''
LIBS=''
LIBTOOL='$(SHELL) $(top_builddir)/libtool'
LIPO=''
LN_S='ln -s'
LTLIBOBJS=''
LTVER='0:0:0'
LT_SYS_LIBRARY_PATH=''
MAKEINFO='${SHELL} /home/eaton/work/fty/fty-srr/config/missing makeinfo'
MANIFEST_TOOL=':'
MKDIR_P='/bin/mkdir -p'
NM='/usr/bin/nm -B'
NMEDIT=''
OBJDUMP='objdump'
OBJEXT='o'
ON_ANDROID_FALSE=''
ON_ANDROID_TRUE=''
ON_CYGWIN_FALSE=''
ON_CYGWIN_TRUE=''
ON_GNU_FALSE=''
ON_GNU_TRUE=''
ON_LINUX_FALSE=''
ON_LINUX_TRUE=''
ON_MINGW_FALSE=''
ON_MINGW_TRUE=''
OTOOL64=''
OTOOL=''
PACKAGE='fty-srr'
PACKAGE_BUGREPORT='eatonipcopensource@eaton.com'
PACKAGE_NAME='fty-srr'
PACKAGE_STRING='fty-srr 1.0.0'
PACKAGE_TARNAME='fty-srr'
PACKAGE_URL=''
PACKAGE_VERSION='1.0.0'
PATH_SEPARATOR=':'
PKG_CONFIG='/usr/bin/pkg-config'
PKG_CONFIG_LIBDIR=''
PKG_CONFIG_PATH=''
RANLIB='ranlib'
SED='/bin/sed'
SET_MAKE=''
SHELL='/bin/bash'
STRIP='strip'
USING_VPATH_FALSE=''
USING_VPATH_TRUE='#'
VERSION='1.0.0'
WITH_CLANG_FORMAT=''
WITH_CLANG_FORMAT_FALSE='#'
WITH_CLANG_FORMAT_TRUE=''
WITH_CPPCHECK='false'
WITH_CPPCHECK_FALSE=''
WITH_CPPCHECK_TRUE='#'
WITH_GCOV_FALSE=''
WITH_GCOV_TRUE='#'
WITH_SYSTEMD_UNITS=''
WITH_SYSTEMD_UNITS_FALSE=''
WITH_SYSTEMD_UNITS_TRUE=''
ac_ct_AR='ar'
ac_ct_CC='/usr/bin/gcc'
ac_ct_CXX=''
ac_ct_DUMPBIN=''
am__EXEEXT_FALSE=''
am__EXEEXT_TRUE=''
am__fastdepCC_FALSE='#'
am__fastdepCC_TRUE=''
am__fastdepCXX_FALSE='#'
am__fastdepCXX_TRUE=''
am__include='include'
am__isrc=''
am__leading_dot='.'
am__nodep='_no'
am__quote=''
am__tar='tar --format=ustar -chf - "$$tardir"'
am__untar='tar -xf -'
augeas_CFLAGS=''
augeas_LIBS=''
bindir='${exec_prefix}/bin'
build='x86_64-pc-linux-gnu'
build_alias=''
build_cpu='x86_64'
build_os='linux-gnu'
build_vendor='pc'
cxxtools_CFLAGS=''
cxxtools_LIBS=''
czmq_CFLAGS=''
czmq_LIBS=''
datadir='${datarootdir}'
datarootdir='${prefix}/share'
docdir='${datarootdir}/doc/${PACKAGE_TARNAME}'
dvidir='${docdir}'
exec_prefix='NONE'
fty_common_logging_CFLAGS=''
fty_common_logging_LIBS=''
fty_common_messagebus_CFLAGS=''
fty_common_messagebus_LIBS=''
fty_srr_have_asciidoc=''
fty_srr_have_xmlto=''
host='x86_64-pc-linux-gnu'
host_alias=''
host_cpu='x86_64'
host_os='linux-gnu'
host_vendor='pc'
htmldir='${docdir}'
includedir='${prefix}/include'
infodir='${datarootdir}/info'
install_sh='${SHELL} /home/eaton/work/fty/fty-srr/config/install-sh'
libdir='${exec_prefix}/lib'
libexecdir='${exec_prefix}/libexec'
libsodium_CFLAGS=''
libsodium_LIBS=''
libzmq_CFLAGS=''
libzmq_LIBS=''
localedir='${datarootdir}/locale'
localstatedir='${prefix}/var'
log4cplus_CFLAGS=''
log4cplus_LIBS=''
malamute_CFLAGS=''
malamute_LIBS=''
mandir='${datarootdir}/man'
mkdir_p='$(MKDIR_P)'
oldincludedir='/usr/include'
pdfdir='${docdir}'
pkg_config_defines=''
pkg_config_libs_private=''
pkg_config_names_private=''
pkgconfigdir='${libdir}/pkgconfig'
prefix='NONE'
program_transform_name='s,x,x,'
psdir='${docdir}'
runstatedir='${localstatedir}/run'
sbindir='${exec_prefix}/sbin'
sharedstatedir='${prefix}/com'
sysconfdir='${prefix}/etc'
systemdsystemunitdir=''
target_alias=''

## ----------- ##
## confdefs.h. ##
## ----------- ##

/* confdefs.h */
#define PACKAGE_NAME "fty-srr"
#define PACKAGE_TARNAME "fty-srr"
#define PACKAGE_VERSION "1.0.0"
#define PACKAGE_STRING "fty-srr 1.0.0"
#define PACKAGE_BUGREPORT "eatonipcopensource@eaton.com"
#define PACKAGE_URL ""
#define PACKAGE "fty-srr"
#define VERSION "1.0.0"
#define PACKAGE_VERSION_MAJOR 1
#define PACKAGE_VERSION_MINOR 0
#define PACKAGE_VERSION_PATCH 0
#define STDC_HEADERS 1
#define HAVE_SYS_TYPES_H 1
#define HAVE_SYS_STAT_H 1
#define HAVE_STDLIB_H 1
#define HAVE_STRING_H 1
#define HAVE_MEMORY_H 1
#define HAVE_STRINGS_H 1
#define HAVE_INTTYPES_H 1
#define HAVE_STDINT_H 1
#define HAVE_UNISTD_H 1
#define HAVE_DLFCN_H 1
#define LT_OBJDIR ".libs/"

configure: exit 1
